Log file open, 04/20/17 20:19:08
LogInit:Display: Running engine for game: MyProject
LogPlatformFile: Not using cached read wrapper
LogInit:Display: RandInit(769106692) SRandInit(769106692).
LogTaskGraph: Started task graph with 5 named threads and 6 total threads with 1 sets of task threads.
LogStats: Stats thread started at 0.074739
LogInit: Using libcurl 7.47.1
LogInit:  - built for x86_64-pc-win32
LogInit:  - supports SSL with OpenSSL/1.0.2g
LogInit:  - supports HTTP deflate (compression) using libz 1.2.8
LogInit:  - other features:
LogInit:      CURL_VERSION_SSL
LogInit:      CURL_VERSION_LIBZ
LogInit:      CURL_VERSION_IPV6
LogInit:      CURL_VERSION_ASYNCHDNS
LogInit:      CURL_VERSION_LARGEFILE
LogInit:      CURL_VERSION_IDN
LogInit:  CurlRequestOptions (configurable via config and command line):
LogInit:  - bVerifyPeer = false  - Libcurl will NOT verify peer certificate
LogInit:  - bUseHttpProxy = false  - Libcurl will NOT use HTTP proxy
LogInit:  - bDontReuseConnections = false  - Libcurl will reuse connections
LogInit:  - CertBundlePath = nullptr  - Libcurl will use whatever was configured at build time.
LogInit: Build: ++UE4+Release-4.15-CL-3348071
LogInit: Engine Version: 4.15.1-3348071+++UE4+Release-4.15
LogInit: Compatible Engine Version: 4.15.0-3299760+++UE4+Release-4.15
LogInit: Net CL: 3299760
LogDevObjectVersion: Number of dev versions registered: 14
LogDevObjectVersion:   Dev-Blueprints (B0D832E4-1F89-4F0D-ACCF-7EB736FD4AA2): 8
LogDevObjectVersion:   Dev-Build (E1C64328-A22C-4D53-A36C-8E866417BD8C): 0
LogDevObjectVersion:   Dev-Core (375EC13C-06E4-48FB-B500-84F0262A717E): 2
LogDevObjectVersion:   Dev-Editor (E4B068ED-F494-42E9-A231-DA0B2E46BB41): 14
LogDevObjectVersion:   Dev-Framework (CFFC743F-43B0-4480-9391-14DF171D2073): 22
LogDevObjectVersion:   Dev-Mobile (B02B49B5-BB20-44E9-A304-32B752E40360): 0
LogDevObjectVersion:   Dev-Networking (A4E4105C-59A1-49B5-A7C5-40C4547EDFEE): 0
LogDevObjectVersion:   Dev-Online (39C831C9-5AE6-47DC-9A44-9C173E1C8E7C): 0
LogDevObjectVersion:   Dev-Physics (78F01B33-EBEA-4F98-B9B4-84EACCB95AA2): 0
LogDevObjectVersion:   Dev-Platform (6631380F-2D4D-43E0-8009-CF276956A95A): 0
LogDevObjectVersion:   Dev-Rendering (12F88B9F-8875-4AFC-A67C-D90C383ABD29): 12
LogDevObjectVersion:   Dev-Sequencer (7B5AE74C-D270-4C10-A958-57980B212A5A): 3
LogDevObjectVersion:   Dev-VR (D7296918-1DD6-4BDD-9DE2-64A83CC13884): 0
LogDevObjectVersion:   Dev-LoadTimes (C2A15278-BFE7-4AFE-6C17-90FF531DF755): 1
LogInit: Compiled (64-bit): Mar 15 2017 16:52:47
LogInit: Compiled with Visual C++: 19.00.23026.00
LogInit: Build Configuration: Development
LogInit: Branch Name: ++UE4+Release-4.15
LogInit: Command line:  
LogInit: Base directory: C:/Program Files/Epic Games/UE_4.15/Engine/Binaries/Win64/
LogInit: Installed Engine Build: 1
LogInit: Presizing for max 8388607 objects, including 0 objects not considered by GC, pre-allocating 0 bytes for permanent pool.
LogInit: Object subsystem initialized
[2017.04.21-03.19.09:611][  0]LogInit: Selected Device Profile: [Windows]
[2017.04.21-03.19.09:611][  0]LogInit: Applying CVar settings loaded from the selected device profile: [Windows]
[2017.04.21-03.19.09:635][  0]LogInit: Computer: DESKTOP-JMC0GGG
[2017.04.21-03.19.09:635][  0]LogInit: User: wutti
[2017.04.21-03.19.09:636][  0]LogInit: CPU Page size=65536, Cores=2
[2017.04.21-03.19.09:636][  0]LogInit: High frequency timer resolution =2.437502 MHz
[2017.04.21-03.19.09:637][  0]LogMemory: Memory total: Physical=3.9GB (4GB approx)
[2017.04.21-03.19.09:637][  0]LogMemory: Platform Memory Stats for Windows
[2017.04.21-03.19.09:637][  0]LogMemory: Process Physical Memory: 262.72 MB used, 262.72 MB peak
[2017.04.21-03.19.09:637][  0]LogMemory: Process Virtual Memory: 262.36 MB used, 262.36 MB peak
[2017.04.21-03.19.09:637][  0]LogMemory: Physical Memory: 2378.61 MB used,  1643.51 MB free, 4022.12 MB total
[2017.04.21-03.19.09:637][  0]LogMemory: Virtual Memory: 643.25 MB used,  1643.51 MB free, 134217728.00 MB total
[2017.04.21-03.19.09:773][  0]LogTextLocalizationManager: No specific translations for ('en-CA') exist, so ('en') translations will be used.
[2017.04.21-03.19.10:580][  0]LogD3D11RHI: D3D11 adapters:
[2017.04.21-03.19.10:587][  0]LogD3D11RHI:    0. 'Intel(R) HD Graphics 520' (Feature Level 11_0)
[2017.04.21-03.19.10:587][  0]LogD3D11RHI:       128/0/2011 MB DedicatedVideo/DedicatedSystem/SharedSystem, Outputs:1, VendorId:0x8086
[2017.04.21-03.19.10:589][  0]LogD3D11RHI:    1. 'Microsoft Basic Render Driver' (Feature Level 11_0)
[2017.04.21-03.19.10:589][  0]LogD3D11RHI:       0/0/2011 MB DedicatedVideo/DedicatedSystem/SharedSystem, Outputs:0, VendorId:0x1414
[2017.04.21-03.19.10:589][  0]LogD3D11RHI: Chosen D3D11 Adapter: 0
[2017.04.21-03.19.10:593][  0]LogD3D11RHI: Creating new Direct3DDevice
[2017.04.21-03.19.10:593][  0]LogD3D11RHI:     GPU DeviceId: 0x1916 (for the marketing name, search the web for "GPU Device Id")
[2017.04.21-03.19.10:593][  0]LogWindows: EnumDisplayDevices:
[2017.04.21-03.19.10:594][  0]LogWindows:    0. 'Intel(R) HD Graphics 520' (P:1 D:1)
[2017.04.21-03.19.10:594][  0]LogWindows:    1. 'Intel(R) HD Graphics 520' (P:0 D:0)
[2017.04.21-03.19.10:594][  0]LogWindows:    2. 'Intel(R) HD Graphics 520' (P:0 D:0)
[2017.04.21-03.19.10:594][  0]LogWindows: DebugString: FoundDriverCount:3 
[2017.04.21-03.19.10:594][  0]LogD3D11RHI:     Adapter Name: Intel(R) HD Graphics 520
[2017.04.21-03.19.10:594][  0]LogD3D11RHI:   Driver Version: 20.19.15.4463 (internal:20.19.15.4463, unified:20.19.15.4463)
[2017.04.21-03.19.10:594][  0]LogD3D11RHI:      Driver Date: 7-6-2016
[2017.04.21-03.19.10:594][  0]LogRHI: Texture pool is 793 MB (70% of 1133 MB)
[2017.04.21-03.19.10:599][  0]LogD3D11RHI: Async texture creation enabled
[2017.04.21-03.19.10:605][  0]LogD3D11RHI: GPU Timing Frequency: 12.000000 (Debug: 2 0)
[2017.04.21-03.19.10:605][  0]LogShaderCompilers: Guid format shader working directory is -39 characters bigger than the processId version (../../../../../../Users/wutti/OneDrive/Documents/Unreal Projects/New folder/MyProject/Intermediate/Shaders/WorkingDirectory/7188/).
[2017.04.21-03.19.10:605][  0]LogShaderCompilers: Cleaned the shader compiler working directory 'C:/Users/wutti/AppData/Local/Temp/UnrealShaderWorkingDir/28732F1C45BDB430AF468C9C1D9F8C04/'.
[2017.04.21-03.19.10:605][  0]LogShaderCompilers:Display: Using Local Shader Compiler.
[2017.04.21-03.19.11:952][  0]LogTemp:Display: Loaded TP AllDesktopTargetPlatform
[2017.04.21-03.19.12:024][  0]LogTemp:Display: Loaded TP MacClientTargetPlatform
[2017.04.21-03.19.12:095][  0]LogTemp:Display: Loaded TP MacNoEditorTargetPlatform
[2017.04.21-03.19.12:167][  0]LogTemp:Display: Loaded TP MacServerTargetPlatform
[2017.04.21-03.19.12:234][  0]LogTemp:Display: Loaded TP MacTargetPlatform
[2017.04.21-03.19.12:302][  0]LogTemp:Display: Loaded TP WindowsClientTargetPlatform
[2017.04.21-03.19.12:373][  0]LogTemp:Display: Loaded TP WindowsNoEditorTargetPlatform
[2017.04.21-03.19.12:458][  0]LogTemp:Display: Loaded TP WindowsServerTargetPlatform
[2017.04.21-03.19.12:515][  0]LogTemp:Display: Loaded TP WindowsTargetPlatform
[2017.04.21-03.19.12:597][  0]LogTemp:Display: Loaded TP AndroidTargetPlatform
[2017.04.21-03.19.12:666][  0]LogTemp:Display: Loaded TP Android_ASTCTargetPlatform
[2017.04.21-03.19.12:730][  0]LogTemp:Display: Loaded TP Android_ATCTargetPlatform
[2017.04.21-03.19.12:799][  0]LogTemp:Display: Loaded TP Android_DXTTargetPlatform
[2017.04.21-03.19.12:867][  0]LogTemp:Display: Loaded TP Android_ETC1TargetPlatform
[2017.04.21-03.19.12:932][  0]LogTemp:Display: Loaded TP Android_ETC2TargetPlatform
[2017.04.21-03.19.13:074][  0]LogTemp:Display: Loaded TP Android_MultiTargetPlatform
[2017.04.21-03.19.13:074][  0]LogTemp:Display: Loaded TP Android_PVRTCTargetPlatform
[2017.04.21-03.19.13:125][  0]LogTemp:Display: Loaded TP HTML5TargetPlatform
[2017.04.21-03.19.13:272][  0]LogTemp:Display: Loaded TP IOSTargetPlatform
[2017.04.21-03.19.13:321][  0]LogTemp:Display: Loaded TP TVOSTargetPlatform
[2017.04.21-03.19.13:388][  0]LogTemp:Display: Loaded TP LinuxClientTargetPlatform
[2017.04.21-03.19.13:454][  0]LogTemp:Display: Loaded TP LinuxNoEditorTargetPlatform
[2017.04.21-03.19.13:526][  0]LogTemp:Display: Loaded TP LinuxServerTargetPlatform
[2017.04.21-03.19.13:594][  0]LogTemp:Display: Loaded TP LinuxTargetPlatform
[2017.04.21-03.19.13:594][  0]LogTargetPlatformManager:Display: Building Assets For Windows
[2017.04.21-03.19.14:210][  0]LogDerivedDataCache:Display: Max Cache Size: 512 MB
[2017.04.21-03.19.14:283][  0]LogDerivedDataCache: Loaded boot cache 0.07s 50MB C:/Users/wutti/AppData/Local/UnrealEngine/4.15/DerivedDataCache/Boot.ddc.
[2017.04.21-03.19.14:283][  0]LogDerivedDataCache:Display: Loaded Boot cache: C:/Users/wutti/AppData/Local/UnrealEngine/4.15/DerivedDataCache/Boot.ddc
[2017.04.21-03.19.14:283][  0]LogDerivedDataCache: FDerivedDataBackendGraph:  Pak pak cache file ../../../../../../Users/wutti/OneDrive/Documents/Unreal Projects/New folder/MyProject/DerivedDataCache/DDC.ddp not found, will not use a pak cache.
[2017.04.21-03.19.14:283][  0]LogDerivedDataCache: Unable to find inner node Pak for hierarchical cache Hierarchy.
[2017.04.21-03.19.14:283][  0]LogDerivedDataCache: FDerivedDataBackendGraph:  CompressedPak pak cache file ../../../../../../Users/wutti/OneDrive/Documents/Unreal Projects/New folder/MyProject/DerivedDataCache/Compressed.ddp not found, will not use a pak cache.
[2017.04.21-03.19.14:283][  0]LogDerivedDataCache: Unable to find inner node CompressedPak for hierarchical cache Hierarchy.
[2017.04.21-03.19.14:311][  0]LogDerivedDataCache:Display: Pak cache opened for reading ../../../Engine/DerivedDataCache/Compressed.ddp.
[2017.04.21-03.19.14:323][  0]LogDerivedDataCache: Using Local data cache path C:/Users/wutti/AppData/Local/UnrealEngine/Common/DerivedDataCache: Writable
[2017.04.21-03.19.14:333][  0]LogSlate: Using Freetype 2.6.0
[2017.04.21-03.19.14:333][  0]LogSlate: SlateFontCache - WITH_FREETYPE: 1, WITH_HARFBUZZ: 1
[2017.04.21-03.19.14:334][  0]LogSlate: SlateFontCache - WITH_FREETYPE: 1, WITH_HARFBUZZ: 1
[2017.04.21-03.19.14:774][  0]LogInit: Selected Device Profile: [Windows]
[2017.04.21-03.19.14:779][  0]LogContentStreaming: Texture pool size is 0.00 MB
[2017.04.21-03.19.15:110][  0]LogMeshUtilities: Using QuadricMeshReduction for automatic static mesh reduction
[2017.04.21-03.19.15:172][  0]LogSimplygon: Simplygon DLL not present - disabling.
[2017.04.21-03.19.15:234][  0]LogMeshUtilities: Using SimplygonSwarm for distributed automatic mesh merging
[2017.04.21-03.19.15:234][  0]LogMeshUtilities: No automatic skeletal mesh reduction module available
[2017.04.21-03.19.15:234][  0]LogMeshUtilities: No automatic mesh merging module available
[2017.04.21-03.19.15:949][  0]LogNetVersion: GetLocalNetworkVersion: CL: 3299760, ProjectName: myproject, ProjectVersion: , EngineNetworkVersion: 2, GameNetworkVersion: 0, NetworkChecksum: 4136520461
[2017.04.21-03.19.16:001][  0]LogAssetRegistry: FAssetRegistry took 0.0222 seconds to start up
[2017.04.21-03.19.16:079][  0]LogPackageLocalizationCache: Processed 3 localized package path(s) for 2 prioritized culture(s) in 0.041041 seconds
[2017.04.21-03.19.16:088][  0]LogUObjectArray: 32493 objects as part of root set at end of initial load.
[2017.04.21-03.19.16:088][  0]LogUObjectAllocator: 7077032 out of 0 bytes used by permanent object pool.
[2017.04.21-03.19.16:088][  0]LogUObjectArray: CloseDisregardForGC: 0/0 objects in disregard for GC pool
[2017.04.21-03.19.16:189][  0]LogInit: WinSock: version 1.1 (2.2), MaxSocks=32767, MaxUdp=65467
[2017.04.21-03.19.18:171][  0]LogTcpMessaging: Initializing TcpMessaging bridge
[2017.04.21-03.19.18:220][  0]LogUdpMessaging: Initializing bridge on interface 0.0.0.0:0 to multicast group 230.0.0.1:6666.
[2017.04.21-03.19.18:789][  0]LogMaterial: Uniform references updated for custom material expression Custom.
[2017.04.21-03.19.19:278][  0]SourceControl: Info Source control is disabled
[2017.04.21-03.19.19:279][  0]SourceControl: Info Source control is disabled
[2017.04.21-03.19.19:339][  0]SourceControl: Info Source control is disabled
[2017.04.21-03.19.19:398][  0]SourceControl: Info Source control is disabled
[2017.04.21-03.19.21:034][  0]LogEngine: Initializing Engine...
[2017.04.21-03.19.21:035][  0]LogHMD: Failed to initialize OpenVR with code 110
[2017.04.21-03.19.21:339][  0]LogAIModule: Creating AISystem for world Untitled
[2017.04.21-03.19.21:348][  0]LogInit: XAudio2 using 'Speakers (Realtek High Definition Audio(SST))' : 2 channels at 48 kHz using 32 bits per sample (channel mask 0x3)
[2017.04.21-03.19.23:292][  0]LogInit: FAudioDevice initialized.
[2017.04.21-03.19.23:326][  0]LogDerivedDataCache: Saved boot cache 0.03s 50MB C:/Users/wutti/AppData/Local/UnrealEngine/4.15/DerivedDataCache/Boot.ddc.
[2017.04.21-03.19.23:334][  0]LogInit: Texture streaming: Enabled
[2017.04.21-03.19.23:445][  0]LogEngineSessionManager: EngineSessionManager initialized
[2017.04.21-03.19.23:548][  0]LogInit: Transaction tracking system initialized
[2017.04.21-03.19.23:949][  0]BlueprintLog: New page: Editor Load
[2017.04.21-03.19.24:964][  0]LocalizationService: Info Localization service is disabled
[2017.04.21-03.19.25:736][  0]LogConsoleResponse:Display: 
[2017.04.21-03.19.25:895][  0]LogFileCache: Scanning file cache for directory 'C:/Users/wutti/OneDrive/Documents/Unreal Projects/New folder/MyProject/Content/' took 0.01s
[2017.04.21-03.19.25:895][  0]LogCook:Display: Max memory allowance for cook 16384mb min free memory 0mb
[2017.04.21-03.19.25:895][  0]LogCook:Display: Mobile HDR setting 1
[2017.04.21-03.19.27:108][  0]SourceControl: Info Source control is disabled
[2017.04.21-03.19.27:108][  0]Cmd: MAP LOAD FILE="../../../../../../Users/wutti/OneDrive/Documents/Unreal Projects/New folder/MyProject/Content/Scene.umap" TEMPLATE=0 SHOWPROGRESS=1 FEATURELEVEL=3
[2017.04.21-03.19.27:108][  0]LightingResults: New page: Lighting Build
[2017.04.21-03.19.27:156][  0]MapCheck: New page: Map Check
[2017.04.21-03.19.27:156][  0]LightingResults: New page: Lighting Build
[2017.04.21-03.19.27:389][  0]LogAIModule: Creating AISystem for world Scene
[2017.04.21-03.19.27:419][  0]LogEditorServer: Finished looking for orphan Actors (0.000 secs)
[2017.04.21-03.19.27:420][  0]Cmd: MAP CHECKDEP NOCLEARLOG
[2017.04.21-03.19.27:479][  0]MapCheck: Info Map check complete: 0 Error(s), 0 Warning(s), took 59.963ms to complete.
[2017.04.21-03.19.27:480][  0]LogFileHelpers: Loading map 'Scene' took 0.372
[2017.04.21-03.19.27:539][  0]LogWindowsTextInputMethodSystem:Display: IME system now deactivated.
[2017.04.21-03.19.27:540][  0]LogWindowsTextInputMethodSystem:Display: IME system now deactivated.
[2017.04.21-03.19.27:693][  0]LogCollectionManager: Loaded 0 collections in 0.002633 seconds
[2017.04.21-03.19.27:781][  0]LogFileCache: Scanning file cache for directory 'C:/Users/wutti/OneDrive/Documents/Unreal Projects/New folder/MyProject/Saved/Collections/' took 0.01s
[2017.04.21-03.19.27:781][  0]LogFileCache: Scanning file cache for directory 'C:/Users/wutti/OneDrive/Documents/Unreal Projects/New folder/MyProject/Content/Developers/wutti/Collections/' took 0.01s
[2017.04.21-03.19.27:781][  0]LogFileCache: Scanning file cache for directory 'C:/Users/wutti/OneDrive/Documents/Unreal Projects/New folder/MyProject/Content/Collections/' took 0.01s
[2017.04.21-03.19.27:781][  0]LogCollectionManager: Rebuilt the GUID cache for 0 collections in 0.000002 seconds
[2017.04.21-03.19.27:792][  0]LogContentBrowser: Native class hierarchy populated in 0.0108 seconds. Added 2245 classes and 453 folders.
[2017.04.21-03.19.27:795][  0]LogStats: UGameplayTagsManager::ConstructGameplayTagTree: Construct from data asset -  0.000 s
[2017.04.21-03.19.27:795][  0]LogStats: UGameplayTagsManager::ConstructGameplayTagTree: GameplayTagTreeChangedEvent.Broadcast -  0.000 s
[2017.04.21-03.19.27:872][  0]LogContentBrowser: Native class hierarchy updated for 'WidgetCarousel' in 0.0005 seconds. Added 0 classes and 0 folders.
[2017.04.21-03.19.27:921][  0]LogContentBrowser: Native class hierarchy updated for 'AddContentDialog' in 0.0007 seconds. Added 0 classes and 0 folders.
[2017.04.21-03.19.27:976][  0]LogContentBrowser: Native class hierarchy updated for 'SceneOutliner' in 0.0006 seconds. Added 1 classes and 2 folders.
[2017.04.21-03.19.28:037][  0]LogCrashTracker: Crashtracker disabled due to settings.
[2017.04.21-03.19.28:158][  0]LogContentBrowser: Native class hierarchy updated for 'HierarchicalLODOutliner' in 0.0006 seconds. Added 1 classes and 2 folders.
[2017.04.21-03.19.28:158][  0]LogLoad: (Engine Initialization) Total time: 21.28 seconds
[2017.04.21-03.19.28:158][  0]LogLoad: (Engine Initialization) Total Blueprint compile time: 0.10 seconds
[2017.04.21-03.19.28:158][  0]LogExternalProfiler: Found external profiler: VSPerf
[2017.04.21-03.19.28:158][  0]LogExternalProfiler: Using external profiler: VSPerf
[2017.04.21-03.19.28:168][  0]LogOcInput: OculusInput pre-init called
[2017.04.21-03.19.28:188][  0]LogContentStreaming: Texture pool size now 1000 MB
[2017.04.21-03.19.28:189][  0]LogSlate: Took 0.000279 seconds to synchronously load lazily loaded font '../../../Engine/Content/Slate/Fonts/Roboto-Regular.ttf' (155K)
[2017.04.21-03.19.28:195][  0]LogSlate: Took 0.000304 seconds to synchronously load lazily loaded font '../../../Engine/Content/Slate/Fonts/Roboto-Bold.ttf' (160K)
[2017.04.21-03.19.28:198][  0]LogSlate: Took 0.000251 seconds to synchronously load lazily loaded font '../../../Engine/Content/Editor/Slate/Fonts/FontAwesome.ttf' (139K)
[2017.04.21-03.19.28:264][  0]LogSlate: Took 0.000209 seconds to synchronously load lazily loaded font '../../../Engine/Content/Slate/Fonts/Roboto-Light.ttf' (159K)
[2017.04.21-03.19.28:324][  0]LogRenderer: Reallocating scene render targets to support 988x464 NumSamples 1 (Frame:2).
[2017.04.21-03.19.29:087][  1]LogAssetRegistry: Asset discovery search completed in 13.1072 seconds
[2017.04.21-03.19.29:087][  1]LogCollectionManager: Rebuilt the object cache for 0 collections in 0.000020 seconds (found 0 objects)
[2017.04.21-03.19.29:087][  1]LogCollectionManager: Fixed up redirectors for 0 collections in 0.000040 seconds (updated 0 objects)
[2017.04.21-03.20.00:061][ 91]LogRenderer: Reallocating scene render targets to support 996x464 NumSamples 1 (Frame:466).
[2017.04.21-03.20.00:116][ 92]LogRenderer: Reallocating scene render targets to support 1088x464 NumSamples 1 (Frame:468).
[2017.04.21-03.20.00:261][ 93]LogRenderer: Reallocating scene render targets to support 1092x464 NumSamples 1 (Frame:470).
[2017.04.21-03.20.00:516][ 99]LogRenderer: Reallocating scene render targets to support 1100x464 NumSamples 1 (Frame:474).
[2017.04.21-03.20.00:562][100]LogRenderer: Reallocating scene render targets to support 1104x464 NumSamples 1 (Frame:476).
[2017.04.21-03.20.18:891][198]LogRenderer: Reallocating scene render targets to support 1104x476 NumSamples 1 (Frame:797).
[2017.04.21-03.20.18:949][199]LogRenderer: Reallocating scene render targets to support 1104x536 NumSamples 1 (Frame:799).
[2017.04.21-03.20.19:047][200]LogRenderer: Reallocating scene render targets to support 1104x624 NumSamples 1 (Frame:801).
[2017.04.21-03.20.19:141][201]LogRenderer: Reallocating scene render targets to support 1104x644 NumSamples 1 (Frame:803).
[2017.04.21-03.20.19:369][206]LogRenderer: Reallocating scene render targets to support 1104x648 NumSamples 1 (Frame:807).
[2017.04.21-03.20.19:509][208]LogRenderer: Reallocating scene render targets to support 1104x652 NumSamples 1 (Frame:811).
[2017.04.21-03.20.19:577][209]LogRenderer: Reallocating scene render targets to support 1104x656 NumSamples 1 (Frame:813).
[2017.04.21-03.21.01:659][290]LogRenderer: Reallocating scene render targets to support 1104x756 NumSamples 1 (Frame:1747).
[2017.04.21-03.36.19:482][475]LogD3D11RHI: Timed out while waiting for GPU to catch up. (0.5 s)
[2017.04.21-04.54.17:787][929]LogRenderer: Reallocating scene render targets to support 1104x776 NumSamples 1 (Frame:17526).
[2017.04.21-22.42.31:830][ 33]LogHttp:Warning: 000001B6E2F4EE00: request failed, libcurl error: 6 (Couldn't resolve host name)
[2017.04.21-22.42.31:844][ 33]LogHttp:Warning: 000001B6E2F4EE00: libcurl info message cache 0 (Connection 49 seems to be dead!)
[2017.04.21-22.42.31:844][ 33]LogHttp:Warning: 000001B6E2F4EE00: libcurl info message cache 1 (Closing connection 49)
[2017.04.21-22.42.31:844][ 33]LogHttp:Warning: 000001B6E2F4EE00: libcurl info message cache 2 (Could not resolve host: datarouter.ol.epicgames.com)
[2017.04.21-22.42.31:844][ 33]LogHttp:Warning: 000001B6E2F4EE00: libcurl info message cache 3 (Closing connection 50)
[2017.04.21-22.43.47:380][ 86]LogHttp:Warning: 000001B6E2F4EE00: request failed, libcurl error: 6 (Couldn't resolve host name)
[2017.04.21-22.43.47:380][ 86]LogHttp:Warning: 000001B6E2F4EE00: libcurl info message cache 0 (Could not resolve host: datarouter.ol.epicgames.com)
[2017.04.21-22.43.47:380][ 86]LogHttp:Warning: 000001B6E2F4EE00: libcurl info message cache 1 (Closing connection 51)
[2017.04.21-22.45.25:737][360]LogHttp:Warning: 000001B6E2F4E500: request failed, libcurl error: 6 (Couldn't resolve host name)
[2017.04.21-22.45.25:737][360]LogHttp:Warning: 000001B6E2F4E500: libcurl info message cache 0 (Could not resolve host: datarouter.ol.epicgames.com)
[2017.04.21-22.45.25:737][360]LogHttp:Warning: 000001B6E2F4E500: libcurl info message cache 1 (Closing connection 52)
[2017.04.21-22.47.25:671][707]LogHttp:Warning: 000001B6E2F4E800: request failed, libcurl error: 51 (SSL peer certificate or SSH remote key was not OK)
[2017.04.21-22.47.25:671][707]LogHttp:Warning: 000001B6E2F4E800: libcurl info message cache 0 (  Trying 34.192.111.22...)
[2017.04.21-22.47.25:674][707]LogHttp:Warning: 000001B6E2F4E800: libcurl info message cache 1 (Connected to datarouter.ol.epicgames.com (34.192.111.22) port 443 (#53))
[2017.04.21-22.47.25:674][707]LogHttp:Warning: 000001B6E2F4E800: libcurl info message cache 2 (ALPN, offering http/1.1)
[2017.04.21-22.47.25:674][707]LogHttp:Warning: 000001B6E2F4E800: libcurl info message cache 3 (Cipher selection: ALL:!EXPORT:!EXPORT40:!EXPORT56:!aNULL:!LOW:!RC4:@STRENGTH)
[2017.04.21-22.47.25:674][707]LogHttp:Warning: 000001B6E2F4E800: libcurl info message cache 4 (SSL re-using session ID)
[2017.04.21-22.47.25:674][707]LogHttp:Warning: 000001B6E2F4E800: libcurl info message cache 5 (TLSv1.2 (OUT), TLS handshake, Client hello (1):)
[2017.04.21-22.47.25:674][707]LogHttp:Warning: 000001B6E2F4E800: libcurl info message cache 6 (TLSv1.2 (IN), TLS handshake, Server hello (2):)
[2017.04.21-22.47.25:674][707]LogHttp:Warning: 000001B6E2F4E800: libcurl info message cache 7 (TLSv1.2 (IN), TLS handshake, Certificate (11):)
[2017.04.21-22.47.25:674][707]LogHttp:Warning: 000001B6E2F4E800: libcurl info message cache 8 (TLSv1.2 (IN), TLS handshake, Server finished (14):)
[2017.04.21-22.47.25:674][707]LogHttp:Warning: 000001B6E2F4E800: libcurl info message cache 9 (TLSv1.2 (OUT), TLS handshake, Client key exchange (16):)
[2017.04.21-22.47.25:674][707]LogHttp:Warning: 000001B6E2F4E800: libcurl info message cache 10 (TLSv1.2 (OUT), TLS change cipher, Client hello (1):)
[2017.04.21-22.47.25:674][707]LogHttp:Warning: 000001B6E2F4E800: libcurl info message cache 11 (TLSv1.2 (OUT), TLS handshake, Finished (20):)
[2017.04.21-22.47.25:674][707]LogHttp:Warning: 000001B6E2F4E800: libcurl info message cache 12 (TLSv1.2 (IN), TLS change cipher, Client hello (1):)
[2017.04.21-22.47.25:674][707]LogHttp:Warning: 000001B6E2F4E800: libcurl info message cache 13 (TLSv1.2 (IN), TLS handshake, Finished (20):)
[2017.04.21-22.47.25:674][707]LogHttp:Warning: 000001B6E2F4E800: libcurl info message cache 14 (SSL connection using TLSv1.2 / AES128-SHA)
[2017.04.21-22.47.25:674][707]LogHttp:Warning: 000001B6E2F4E800: libcurl info message cache 15 (ALPN, server did not agree to a protocol)
[2017.04.21-22.47.25:674][707]LogHttp:Warning: 000001B6E2F4E800: libcurl info message cache 16 (old SSL session ID is stale, removing)
[2017.04.21-22.47.25:674][707]LogHttp:Warning: 000001B6E2F4E800: libcurl info message cache 17 (Server certificate:)
[2017.04.21-22.47.25:674][707]LogHttp:Warning: 000001B6E2F4E800: libcurl info message cache 18 (	 subject: C=CA; ST=Alberta; L=Calgary; O=Shaw Cablesystems G.P.; OU=TNO; CN=wifisignon.shaw.ca)
[2017.04.21-22.47.25:675][707]LogHttp:Warning: 000001B6E2F4E800: libcurl info message cache 19 (	 start date: Feb 12 00:00:00 2015 GMT)
[2017.04.21-22.47.25:675][707]LogHttp:Warning: 000001B6E2F4E800: libcurl info message cache 20 (	 expire date: Feb 12 23:59:59 2017 GMT)
[2017.04.21-22.47.25:675][707]LogHttp:Warning: 000001B6E2F4E800: libcurl info message cache 21 (	 subjectAltName does not match datarouter.ol.epicgames.com)
[2017.04.21-22.47.25:675][707]LogHttp:Warning: 000001B6E2F4E800: libcurl info message cache 22 (SSL: no alternative certificate subject name matches target host name 'datarouter.ol.epicgames.com')
[2017.04.21-22.47.25:675][707]LogHttp:Warning: 000001B6E2F4E800: libcurl info message cache 23 (Closing connection 53)
[2017.04.21-22.47.25:675][707]LogHttp:Warning: 000001B6E2F4E800: libcurl info message cache 24 (TLSv1.2 (OUT), TLS alert, Client hello (1):)
[2017.04.22-02.50.13:557][ 16]LogHttp:Warning: 000001B6E2F4EE00: request failed, libcurl error: 6 (Couldn't resolve host name)
[2017.04.22-02.50.13:595][ 16]LogHttp:Warning: 000001B6E2F4EE00: libcurl info message cache 0 (Connection 64 seems to be dead!)
[2017.04.22-02.50.13:595][ 16]LogHttp:Warning: 000001B6E2F4EE00: libcurl info message cache 1 (Closing connection 64)
[2017.04.22-02.50.13:595][ 16]LogHttp:Warning: 000001B6E2F4EE00: libcurl info message cache 2 (Could not resolve host: datarouter.ol.epicgames.com)
[2017.04.22-02.50.13:595][ 16]LogHttp:Warning: 000001B6E2F4EE00: libcurl info message cache 3 (Closing connection 65)
[2017.04.22-07.59.21:111][391]LogHttp:Warning: 000001B6E2F4DF00: request failed, libcurl error: 6 (Couldn't resolve host name)
[2017.04.22-07.59.21:126][391]LogHttp:Warning: 000001B6E2F4DF00: libcurl info message cache 0 (Connection 115 seems to be dead!)
[2017.04.22-07.59.21:126][391]LogHttp:Warning: 000001B6E2F4DF00: libcurl info message cache 1 (Closing connection 115)
[2017.04.22-07.59.21:126][391]LogHttp:Warning: 000001B6E2F4DF00: libcurl info message cache 2 (Could not resolve host: datarouter.ol.epicgames.com)
[2017.04.22-07.59.21:127][391]LogHttp:Warning: 000001B6E2F4DF00: libcurl info message cache 3 (Closing connection 116)
[2017.04.24-07.30.20:230][982]LogHttp:Warning: 000001B6E2F4DF00: request failed, libcurl error: 28 (Timeout was reached)
[2017.04.24-07.30.20:523][982]LogHttp:Warning: 000001B6E2F4DF00: libcurl info message cache 0 (Connection 196 seems to be dead!)
[2017.04.24-07.30.20:523][982]LogHttp:Warning: 000001B6E2F4DF00: libcurl info message cache 1 (Closing connection 196)
[2017.04.24-07.30.20:523][982]LogHttp:Warning: 000001B6E2F4DF00: libcurl info message cache 2 (TLSv1.2 (OUT), TLS alert, Client hello (1):)
[2017.04.24-07.30.20:523][982]LogHttp:Warning: 000001B6E2F4DF00: libcurl info message cache 3 (  Trying 34.192.111.22...)
[2017.04.24-07.30.20:523][982]LogHttp:Warning: 000001B6E2F4DF00: libcurl info message cache 4 (Connected to datarouter.ol.epicgames.com (34.192.111.22) port 443 (#197))
[2017.04.24-07.30.20:523][982]LogHttp:Warning: 000001B6E2F4DF00: libcurl info message cache 5 (ALPN, offering http/1.1)
[2017.04.24-07.30.20:523][982]LogHttp:Warning: 000001B6E2F4DF00: libcurl info message cache 6 (Cipher selection: ALL:!EXPORT:!EXPORT40:!EXPORT56:!aNULL:!LOW:!RC4:@STRENGTH)
[2017.04.24-07.30.20:523][982]LogHttp:Warning: 000001B6E2F4DF00: libcurl info message cache 7 (SSL re-using session ID)
[2017.04.24-07.30.20:523][982]LogHttp:Warning: 000001B6E2F4DF00: libcurl info message cache 8 (TLSv1.2 (OUT), TLS handshake, Client hello (1):)
[2017.04.24-07.30.20:523][982]LogHttp:Warning: 000001B6E2F4DF00: libcurl info message cache 9 (TLSv1.2 (IN), TLS handshake, Server hello (2):)
[2017.04.24-07.30.20:523][982]LogHttp:Warning: 000001B6E2F4DF00: libcurl info message cache 10 (TLSv1.2 (IN), TLS handshake, Certificate (11):)
[2017.04.24-07.30.20:523][982]LogHttp:Warning: 000001B6E2F4DF00: libcurl info message cache 11 (TLSv1.2 (IN), TLS handshake, Server key exchange (12):)
[2017.04.24-07.30.20:523][982]LogHttp:Warning: 000001B6E2F4DF00: libcurl info message cache 12 (TLSv1.2 (IN), TLS handshake, Server finished (14):)
[2017.04.24-07.30.20:523][982]LogHttp:Warning: 000001B6E2F4DF00: libcurl info message cache 13 (TLSv1.2 (OUT), TLS handshake, Client key exchange (16):)
[2017.04.24-07.30.20:523][982]LogHttp:Warning: 000001B6E2F4DF00: libcurl info message cache 14 (TLSv1.2 (OUT), TLS change cipher, Client hello (1):)
[2017.04.24-07.30.20:523][982]LogHttp:Warning: 000001B6E2F4DF00: libcurl info message cache 15 (TLSv1.2 (OUT), TLS handshake, Finished (20):)
[2017.04.24-07.30.20:523][982]LogHttp:Warning: 000001B6E2F4DF00: libcurl info message cache 16 (Operation timed out after 0 milliseconds with 0 out of 0 bytes received)
[2017.04.24-07.30.20:523][982]LogHttp:Warning: 000001B6E2F4DF00: libcurl info message cache 17 (Closing connection 197)
[2017.04.24-21.14.57:716][199]LogHttp:Warning: 000001B6E2F4DF00: request failed, libcurl error: 6 (Couldn't resolve host name)
[2017.04.24-21.14.57:717][199]LogHttp:Warning: 000001B6E2F4DF00: libcurl info message cache 0 (Found bundle for host datarouter.ol.epicgames.com: 0x1b6e6650b98 [can pipeline])
[2017.04.24-21.14.57:717][199]LogHttp:Warning: 000001B6E2F4DF00: libcurl info message cache 1 (Re-using existing connection! (#215) with host datarouter.ol.epicgames.com)
[2017.04.24-21.14.57:717][199]LogHttp:Warning: 000001B6E2F4DF00: libcurl info message cache 2 (Connected to datarouter.ol.epicgames.com (34.192.111.22) port 443 (#215))
[2017.04.24-21.14.57:718][199]LogHttp:Warning: 000001B6E2F4DF00: libcurl info message cache 3 (SSL_write() returned SYSCALL, errno = 10053)
[2017.04.24-21.14.57:718][199]LogHttp:Warning: 000001B6E2F4DF00: libcurl info message cache 4 (Failed sending HTTP POST request)
[2017.04.24-21.14.57:718][199]LogHttp:Warning: 000001B6E2F4DF00: libcurl info message cache 5 (Connection died, retrying a fresh connect)
[2017.04.24-21.14.57:718][199]LogHttp:Warning: 000001B6E2F4DF00: libcurl info message cache 6 (Closing connection 215)
[2017.04.24-21.14.57:718][199]LogHttp:Warning: 000001B6E2F4DF00: libcurl info message cache 7 (Issue another request to this URL: 'https://datarouter.ol.epicgames.com/datarouter/api/v1/public/data?SessionID=%7BB27E1CE7-4F55-51AD-0ADB-3AA18E4E53E2%7D&AppID=UEEditor.Rocket.Release&AppVersion=4.15.1-3348071%2B%2B%2BUE4%2BRelease-4.15&UserID=55cf57dc430556876cd1349cc30b65b0%7C5159e6cd15e84380ac12cd86c60ec6fa%7C7791ea5a-577d-4072-9f22-2b94bdbbd208&AppEnvironment=datacollector-binary&UploadType=eteventstream')
[2017.04.24-21.14.57:718][199]LogHttp:Warning: 000001B6E2F4DF00: libcurl info message cache 8 (Found bundle for host datarouter.ol.epicgames.com: 0x1b6e6650b98 [can pipeline])
[2017.04.24-21.14.57:718][199]LogHttp:Warning: 000001B6E2F4DF00: libcurl info message cache 9 (Re-using existing connection! (#216) with host datarouter.ol.epicgames.com)
[2017.04.24-21.14.57:749][199]LogHttp:Warning: 000001B6E2F4DF00: libcurl info message cache 10 (Connected to datarouter.ol.epicgames.com (34.192.111.22) port 443 (#216))
[2017.04.24-21.14.57:749][199]LogHttp:Warning: 000001B6E2F4DF00: libcurl info message cache 11 (SSL_write() returned SYSCALL, errno = 10053)
[2017.04.24-21.14.57:749][199]LogHttp:Warning: 000001B6E2F4DF00: libcurl info message cache 12 (Failed sending HTTP POST request)
[2017.04.24-21.14.57:749][199]LogHttp:Warning: 000001B6E2F4DF00: libcurl info message cache 13 (Connection died, retrying a fresh connect)
[2017.04.24-21.14.57:749][199]LogHttp:Warning: 000001B6E2F4DF00: libcurl info message cache 14 (Closing connection 216)
[2017.04.24-21.14.57:749][199]LogHttp:Warning: 000001B6E2F4DF00: libcurl info message cache 15 (Issue another request to this URL: 'https://datarouter.ol.epicgames.com/datarouter/api/v1/public/data?SessionID=%7BB27E1CE7-4F55-51AD-0ADB-3AA18E4E53E2%7D&AppID=UEEditor.Rocket.Release&AppVersion=4.15.1-3348071%2B%2B%2BUE4%2BRelease-4.15&UserID=55cf57dc430556876cd1349cc30b65b0%7C5159e6cd15e84380ac12cd86c60ec6fa%7C7791ea5a-577d-4072-9f22-2b94bdbbd208&AppEnvironment=datacollector-binary&UploadType=eteventstream')
[2017.04.24-21.14.57:749][199]LogHttp:Warning: 000001B6E2F4DF00: libcurl info message cache 16 (Could not resolve host: datarouter.ol.epicgames.com)
[2017.04.24-21.14.57:749][199]LogHttp:Warning: 000001B6E2F4DF00: libcurl info message cache 17 (Closing connection 217)
[2017.04.25-19.46.26:652][133]LogHttp:Warning: 000001B6FF437400: request failed, libcurl error: 6 (Couldn't resolve host name)
[2017.04.25-19.46.26:652][133]LogHttp:Warning: 000001B6FF437400: libcurl info message cache 0 (Connection 238 seems to be dead!)
[2017.04.25-19.46.26:652][133]LogHttp:Warning: 000001B6FF437400: libcurl info message cache 1 (Closing connection 238)
[2017.04.25-19.46.26:652][133]LogHttp:Warning: 000001B6FF437400: libcurl info message cache 2 (Could not resolve host: datarouter.ol.epicgames.com)
[2017.04.25-19.46.26:653][133]LogHttp:Warning: 000001B6FF437400: libcurl info message cache 3 (Closing connection 239)
[2017.04.25-20.45.11:488][513]LogHttp:Warning: 000001B6FF435480: request failed, libcurl error: 6 (Couldn't resolve host name)
[2017.04.25-20.45.11:488][513]LogHttp:Warning: 000001B6FF435480: libcurl info message cache 0 (Connection 240 seems to be dead!)
[2017.04.25-20.45.11:488][513]LogHttp:Warning: 000001B6FF435480: libcurl info message cache 1 (Closing connection 240)
[2017.04.25-20.45.11:488][513]LogHttp:Warning: 000001B6FF435480: libcurl info message cache 2 (Could not resolve host: datarouter.ol.epicgames.com)
[2017.04.25-20.45.11:488][513]LogHttp:Warning: 000001B6FF435480: libcurl info message cache 3 (Closing connection 241)
[2017.04.25-21.17.18:499][574]LogWindowsTextInputMethodSystem:Display: IME system now deactivated.
[2017.04.25-21.17.18:500][574]LogWindowsTextInputMethodSystem:Display: IME system now deactivated.
[2017.04.25-21.17.18:983][575]Cmd: QUIT_EDITOR
[2017.04.25-21.17.19:173][575]LogExit: Preparing to exit.
[2017.04.25-21.17.20:578][575]LogDirectoryWatcher: A directory notification for 'C:/Users/wutti/OneDrive/Documents/Unreal Projects/New folder/MyProject/Content/' was aborted.
[2017.04.25-21.17.20:978][575]LogExit: Editor shut down
[2017.04.25-21.17.20:986][575]LogExit: Transaction tracking system shut down
[2017.04.25-21.17.22:328][575]LogObj: Freed 0b from 0 cluster array pools.
[2017.04.25-21.17.22:329][575]LogExit: Object subsystem successfully closed.
[2017.04.25-21.17.22:747][575]LogD3D11RHI: Shutdown
[2017.04.25-21.17.22:748][575]LogD3D11RHI: CleanupD3DDevice
[2017.04.25-21.17.22:916][575]LogD3D11RHI: ~FD3D11DynamicRHI
[2017.04.25-21.17.23:092][575]LogModuleManager: Shutting down and abandoning module HierarchicalLODOutliner (498)
[2017.04.25-21.17.23:093][575]LogModuleManager: Shutting down and abandoning module CrashTracker (496)
[2017.04.25-21.17.23:093][575]LogModuleManager: Shutting down and abandoning module SceneOutliner (494)
[2017.04.25-21.17.23:094][575]LogModuleManager: Shutting down and abandoning module AddContentDialog (492)
[2017.04.25-21.17.23:102][575]LogDirectoryWatcher: A directory notification for 'C:/Program Files/Epic Games/UE_4.15/FeaturePacks/' was aborted.
[2017.04.25-21.17.23:131][575]LogModuleManager: Shutting down and abandoning module WidgetCarousel (491)
[2017.04.25-21.17.23:131][575]LogModuleManager: Shutting down and abandoning module EditorWidgets (488)
[2017.04.25-21.17.23:131][575]LogModuleManager: Shutting down and abandoning module CollectionManager (486)
[2017.04.25-21.17.23:132][575]LogDirectoryWatcher: A directory notification for 'C:/Users/wutti/OneDrive/Documents/Unreal Projects/New folder/MyProject/Content/Collections/' was aborted.
[2017.04.25-21.17.23:133][575]LogDirectoryWatcher: A directory notification for 'C:/Users/wutti/OneDrive/Documents/Unreal Projects/New folder/MyProject/Content/Developers/wutti/Collections/' was aborted.
[2017.04.25-21.17.23:133][575]LogDirectoryWatcher: A directory notification for 'C:/Users/wutti/OneDrive/Documents/Unreal Projects/New folder/MyProject/Saved/Collections/' was aborted.
[2017.04.25-21.17.23:133][575]LogModuleManager: Shutting down and abandoning module StatsViewer (484)
[2017.04.25-21.17.23:135][575]LogModuleManager: Shutting down and abandoning module FoliageEdit (482)
[2017.04.25-21.17.23:135][575]LogModuleManager: Shutting down and abandoning module LandscapeEditor (480)
[2017.04.25-21.17.23:142][575]LogModuleManager: Shutting down and abandoning module SceneDepthPickerMode (478)
[2017.04.25-21.17.23:142][575]LogModuleManager: Shutting down and abandoning module ActorPickerMode (476)
[2017.04.25-21.17.23:142][575]LogModuleManager: Shutting down and abandoning module GeometryMode (474)
[2017.04.25-21.17.23:142][575]LogModuleManager: Shutting down and abandoning module TextureAlignMode (472)
[2017.04.25-21.17.23:142][575]LogModuleManager: Shutting down and abandoning module BspMode (470)
[2017.04.25-21.17.23:143][575]LogModuleManager: Shutting down and abandoning module HardwareSurvey (468)
[2017.04.25-21.17.23:143][575]LogModuleManager: Shutting down and abandoning module SequenceRecorderSections (466)
[2017.04.25-21.17.23:143][575]LogModuleManager: Shutting down and abandoning module AutomationWorker (464)
[2017.04.25-21.17.23:144][575]LogModuleManager: Shutting down and abandoning module MatineeToLevelSequence (462)
[2017.04.25-21.17.23:146][575]LogModuleManager: Shutting down and abandoning module LevelSequenceEditor (460)
[2017.04.25-21.17.23:150][575]LogModuleManager: Shutting down and abandoning module PlacementMode (459)
[2017.04.25-21.17.23:150][575]LogModuleManager: Shutting down and abandoning module WmfMediaFactory (456)
[2017.04.25-21.17.23:150][575]LogModuleManager: Shutting down and abandoning module WmfMediaEditor (454)
[2017.04.25-21.17.23:151][575]LogModuleManager: Shutting down and abandoning module MfMediaFactory (452)
[2017.04.25-21.17.23:151][575]LogModuleManager: Shutting down and abandoning module MfMediaEditor (450)
[2017.04.25-21.17.23:151][575]LogModuleManager: Shutting down and abandoning module AvfMediaFactory (448)
[2017.04.25-21.17.23:151][575]LogModuleManager: Shutting down and abandoning module AvfMediaEditor (446)
[2017.04.25-21.17.23:151][575]LogModuleManager: Shutting down and abandoning module AndroidMediaFactory (444)
[2017.04.25-21.17.23:151][575]LogModuleManager: Shutting down and abandoning module Media (443)
[2017.04.25-21.17.23:151][575]LogModuleManager: Shutting down and abandoning module AndroidMediaEditor (440)
[2017.04.25-21.17.23:151][575]LogModuleManager: Shutting down and abandoning module CharacterAI (438)
[2017.04.25-21.17.23:151][575]LogModuleManager: Shutting down and abandoning module AudioCapture (436)
[2017.04.25-21.17.23:151][575]LogModuleManager: Shutting down and abandoning module SequenceRecorder (435)
[2017.04.25-21.17.23:156][575]LogModuleManager: Shutting down and abandoning module SmartSnapping (432)
[2017.04.25-21.17.23:156][575]LogModuleManager: Shutting down and abandoning module SessionServices (430)
[2017.04.25-21.17.23:156][575]LogModuleManager: Shutting down and abandoning module ViewportSnapping (428)
[2017.04.25-21.17.23:156][575]LogModuleManager: Shutting down and abandoning module ViewportInteraction (426)
[2017.04.25-21.17.23:156][575]LogModuleManager: Shutting down and abandoning module LogVisualizer (424)
[2017.04.25-21.17.23:160][575]LogModuleManager: Shutting down and abandoning module IntroTutorials (422)
[2017.04.25-21.17.23:183][575]LogModuleManager: Shutting down and abandoning module GameProjectGeneration (421)
[2017.04.25-21.17.23:186][575]LogModuleManager: Shutting down and abandoning module EditorLiveStreaming (418)
[2017.04.25-21.17.23:187][575]LogModuleManager: Shutting down and abandoning module IOSPlatformEditor (416)
[2017.04.25-21.17.23:189][575]LogModuleManager: Shutting down and abandoning module HTML5PlatformEditor (414)
[2017.04.25-21.17.23:189][575]LogModuleManager: Shutting down and abandoning module AndroidPlatformEditor (412)
[2017.04.25-21.17.23:190][575]LogModuleManager: Shutting down and abandoning module AndroidDeviceDetection (411)
[2017.04.25-21.17.23:781][575]LogModuleManager: Shutting down and abandoning module IOSRuntimeSettings (408)
[2017.04.25-21.17.23:781][575]LogModuleManager: Shutting down and abandoning module AndroidRuntimeSettings (406)
[2017.04.25-21.17.23:781][575]LogModuleManager: Shutting down and abandoning module InputBindingEditor (404)
[2017.04.25-21.17.23:783][575]LogModuleManager: Shutting down and abandoning module NiagaraEditor (402)
[2017.04.25-21.17.23:787][575]LogModuleManager: Shutting down and abandoning module MergeActors (400)
[2017.04.25-21.17.23:789][575]LogModuleManager: Shutting down and abandoning module SizeMap (398)
[2017.04.25-21.17.23:790][575]LogModuleManager: Shutting down and abandoning module TreeMap (396)
[2017.04.25-21.17.23:792][575]LogModuleManager: Shutting down and abandoning module ReferenceViewer (394)
[2017.04.25-21.17.23:794][575]LogModuleManager: Shutting down and abandoning module LocalizationDashboard (392)
[2017.04.25-21.17.23:798][575]LogModuleManager: Shutting down and abandoning module LocalizationService (391)
[2017.04.25-21.17.23:800][575]LogModuleManager: Shutting down and abandoning module HardwareTargeting (388)
[2017.04.25-21.17.23:800][575]LogModuleManager: Shutting down and abandoning module DeviceProfileEditor (386)
[2017.04.25-21.17.23:802][575]LogModuleManager: Shutting down and abandoning module UndoHistory (384)
[2017.04.25-21.17.23:804][575]LogModuleManager: Shutting down and abandoning module UserFeedback (382)
[2017.04.25-21.17.23:804][575]LogModuleManager: Shutting down and abandoning module XmlParser (380)
[2017.04.25-21.17.23:804][575]LogModuleManager: Shutting down and abandoning module Blutility (378)
[2017.04.25-21.17.23:804][575]LogModuleManager: Shutting down and abandoning module ProjectSettingsViewer (376)
[2017.04.25-21.17.23:807][575]LogModuleManager: Shutting down and abandoning module ProjectTargetPlatformEditor (375)
[2017.04.25-21.17.23:810][575]LogModuleManager: Shutting down and abandoning module EditorSettingsViewer (372)
[2017.04.25-21.17.23:811][575]LogModuleManager: Shutting down and abandoning module SettingsEditor (370)
[2017.04.25-21.17.23:814][575]LogModuleManager: Shutting down and abandoning module ProjectLauncher (368)
[2017.04.25-21.17.23:817][575]LogModuleManager: Shutting down and abandoning module SessionFrontend (366)
[2017.04.25-21.17.23:819][575]LogModuleManager: Shutting down and abandoning module ProfilerClient (364)
[2017.04.25-21.17.23:821][575]LogModuleManager: Shutting down and abandoning module DeviceManager (362)
[2017.04.25-21.17.23:824][575]LogModuleManager: Shutting down and abandoning module TargetDeviceServices (361)
[2017.04.25-21.17.23:870][575]LogModuleManager: Shutting down and abandoning module AutomationController (358)
[2017.04.25-21.17.23:874][575]LogModuleManager: Shutting down and abandoning module AutomationWindow (356)
[2017.04.25-21.17.23:877][575]LogModuleManager: Shutting down and abandoning module Layers (354)
[2017.04.25-21.17.23:881][575]LogModuleManager: Shutting down and abandoning module ComponentVisualizers (352)
[2017.04.25-21.17.23:881][575]LogModuleManager: Shutting down and abandoning module DetailCustomizations (350)
[2017.04.25-21.17.23:893][575]LogModuleManager: Shutting down and abandoning module PackagesDialog (348)
[2017.04.25-21.17.23:895][575]LogModuleManager: Shutting down and abandoning module Persona (346)
[2017.04.25-21.17.23:899][575]LogModuleManager: Shutting down and abandoning module AnimGraph (345)
[2017.04.25-21.17.23:900][575]LogModuleManager: Shutting down and abandoning module Kismet (342)
[2017.04.25-21.17.23:906][575]LogModuleManager: Shutting down and abandoning module GraphEditor (340)
[2017.04.25-21.17.23:911][575]LogModuleManager: Shutting down and abandoning module ClassViewer (338)
[2017.04.25-21.17.23:912][575]LogModuleManager: Shutting down and abandoning module Toolbox (336)
[2017.04.25-21.17.23:914][575]LogModuleManager: Shutting down and abandoning module ModuleUI (334)
[2017.04.25-21.17.23:915][575]LogModuleManager: Shutting down and abandoning module MovieSceneTools (332)
[2017.04.25-21.17.23:921][575]LogModuleManager: Shutting down and abandoning module OutputLog (330)
[2017.04.25-21.17.23:922][575]LogModuleManager: Shutting down and abandoning module GammaUI (328)
[2017.04.25-21.17.23:923][575]LogModuleManager: Shutting down and abandoning module Documentation (326)
[2017.04.25-21.17.23:924][575]LogModuleManager: Shutting down and abandoning module Niagara (324)
[2017.04.25-21.17.23:924][575]LogModuleManager: Shutting down and abandoning module StreamingPauseRendering (322)
[2017.04.25-21.17.23:925][575]LogModuleManager: Shutting down and abandoning module AnalyticsET (320)
[2017.04.25-21.17.23:925][575]LogModuleManager: Shutting down and abandoning module PortalServices (318)
[2017.04.25-21.17.23:925][575]LogModuleManager: Shutting down and abandoning module PortalRpc (316)
[2017.04.25-21.17.23:925][575]LogModuleManager: Shutting down and abandoning module MessagingRpc (314)
[2017.04.25-21.17.23:925][575]LogModuleManager: Shutting down and abandoning module AIModule (312)
[2017.04.25-21.17.23:927][575]LogModuleManager: Shutting down and abandoning module GameplayDebugger (311)
[2017.04.25-21.17.23:928][575]LogModuleManager: Shutting down and abandoning module AITestSuite (309)
[2017.04.25-21.17.23:929][575]LogModuleManager: Shutting down and abandoning module ProfilerService (306)
[2017.04.25-21.17.24:135][575]LogModuleManager: Shutting down and abandoning module TaskGraph (304)
[2017.04.25-21.17.24:140][575]LogModuleManager: Shutting down and abandoning module SteamVRController (302)
[2017.04.25-21.17.24:140][575]LogModuleManager: Shutting down and abandoning module SteamVR (300)
[2017.04.25-21.17.24:140][575]LogModuleManager: Shutting down and abandoning module ProceduralMeshComponentEditor (298)
[2017.04.25-21.17.24:140][575]LogModuleManager: Shutting down and abandoning module ProceduralMeshComponent (296)
[2017.04.25-21.17.24:140][575]LogModuleManager: Shutting down and abandoning module OculusLibrary (294)
[2017.04.25-21.17.24:140][575]LogModuleManager: Shutting down and abandoning module OculusInput (292)
[2017.04.25-21.17.24:140][575]LogModuleManager: Shutting down and abandoning module MobilePatchingUtils (290)
[2017.04.25-21.17.24:140][575]LogModuleManager: Shutting down and abandoning module CustomMeshComponent (288)
[2017.04.25-21.17.24:140][575]LogModuleManager: Shutting down and abandoning module CableComponent (286)
[2017.04.25-21.17.24:141][575]LogModuleManager: Shutting down and abandoning module ArchVisCharacter (284)
[2017.04.25-21.17.24:141][575]LogModuleManager: Shutting down and abandoning module MediaPlayerEditor (280)
[2017.04.25-21.17.24:146][575]LogModuleManager: Shutting down and abandoning module HTML5Networking (278)
[2017.04.25-21.17.24:146][575]LogModuleManager: Shutting down and abandoning module AlembicImporter (276)
[2017.04.25-21.17.24:147][575]LogModuleManager: Shutting down and abandoning module AlembicLibrary (275)
[2017.04.25-21.17.24:149][575]LogModuleManager: Shutting down and abandoning module GeometryCache (274)
[2017.04.25-21.17.24:149][575]LogModuleManager: Shutting down and abandoning module GeometryCacheEd (273)
[2017.04.25-21.17.24:149][575]LogModuleManager: Shutting down and abandoning module SuperSearchEditor (268)
[2017.04.25-21.17.24:149][575]LogModuleManager: Shutting down and abandoning module SuperSearch (267)
[2017.04.25-21.17.24:149][575]LogModuleManager: Shutting down and abandoning module SpeedTreeImporter (264)
[2017.04.25-21.17.24:149][575]LogModuleManager: Shutting down and abandoning module PluginBrowser (262)
[2017.04.25-21.17.24:154][575]LogModuleManager: Shutting down and abandoning module MobileLauncherProfileWizard (260)
[2017.04.25-21.17.24:159][575]LogModuleManager: Shutting down and abandoning module EpicSurvey (258)
[2017.04.25-21.17.24:162][575]LogModuleManager: Shutting down and abandoning module VisualStudioSourceCodeAccess (256)
[2017.04.25-21.17.24:164][575]LogModuleManager: Shutting down and abandoning module DesktopPlatform (255)
[2017.04.25-21.17.24:166][575]LogModuleManager: Shutting down and abandoning module UObjectPlugin (252)
[2017.04.25-21.17.24:166][575]LogModuleManager: Shutting down and abandoning module SubversionSourceControl (250)
[2017.04.25-21.17.24:169][575]LogModuleManager: Shutting down and abandoning module PerforceSourceControl (248)
[2017.04.25-21.17.24:173][575]LogModuleManager: Shutting down and abandoning module GitSourceControl (246)
[2017.04.25-21.17.24:177][575]LogModuleManager: Shutting down and abandoning module SourceControl (245)
[2017.04.25-21.17.24:178][575]LogModuleManager: Shutting down and abandoning module LightPropagationVolumeEditor (242)
[2017.04.25-21.17.24:179][575]LogModuleManager: Shutting down and abandoning module PaperTiledImporter (240)
[2017.04.25-21.17.24:179][575]LogModuleManager: Shutting down and abandoning module PaperSpriteSheetImporter (238)
[2017.04.25-21.17.24:179][575]LogModuleManager: Shutting down and abandoning module Paper2DEditor (236)
[2017.04.25-21.17.24:183][575]LogModuleManager: Shutting down and abandoning module MeshPaint (235)
[2017.04.25-21.17.24:183][575]LogModuleManager: Shutting down and abandoning module LevelEditor (233)
[2017.04.25-21.17.24:194][575]LogModuleManager: Shutting down and abandoning module PixelInspectorModule (232)
[2017.04.25-21.17.24:195][575]LogModuleManager: Shutting down and abandoning module MainFrame (230)
[2017.04.25-21.17.24:196][575]LogModuleManager: Shutting down and abandoning module HotReload (229)
[2017.04.25-21.17.24:197][575]LogModuleManager: Shutting down and abandoning module ContentBrowser (225)
[2017.04.25-21.17.24:200][575]LogModuleManager: Shutting down and abandoning module PhysXVehiclesEditor (222)
[2017.04.25-21.17.24:201][575]LogModuleManager: Shutting down and abandoning module PhysXVehicles (220)
[2017.04.25-21.17.24:201][575]LogModuleManager: Shutting down and abandoning module LocationServicesBPLibrary (218)
[2017.04.25-21.17.24:201][575]LogModuleManager: Shutting down and abandoning module UdpMessaging (216)
[2017.04.25-21.17.24:302][575]LogModuleManager: Shutting down and abandoning module TcpMessaging (214)
[2017.04.25-21.17.24:402][575]LogModuleManager: Shutting down and abandoning module GameplayTagsEditor (212)
[2017.04.25-21.17.24:428][575]LogModuleManager: Shutting down and abandoning module FacialAnimationEditor (210)
[2017.04.25-21.17.24:429][575]LogModuleManager: Shutting down and abandoning module FacialAnimation (208)
[2017.04.25-21.17.24:429][575]LogModuleManager: Shutting down and abandoning module LightPropagationVolumeRuntime (206)
[2017.04.25-21.17.24:429][575]LogModuleManager: Shutting down and abandoning module Paper2D (204)
[2017.04.25-21.17.24:430][575]LogModuleManager: Shutting down and abandoning module WindowsMoviePlayer (202)
[2017.04.25-21.17.24:432][575]LogModuleManager: Shutting down and abandoning module WmfMedia (200)
[2017.04.25-21.17.24:434][575]LogModuleManager: Shutting down and abandoning module MfMedia (198)
[2017.04.25-21.17.24:434][575]LogModuleManager: Shutting down and abandoning module MediaAssets (196)
[2017.04.25-21.17.24:434][575]LogModuleManager: Shutting down and abandoning module GameLiveStreaming (194)
[2017.04.25-21.17.24:434][575]LogModuleManager: Shutting down and abandoning module VREditor (192)
[2017.04.25-21.17.24:437][575]LogModuleManager: Shutting down and abandoning module GameplayTasksEditor (190)
[2017.04.25-21.17.24:437][575]LogModuleManager: Shutting down and abandoning module BehaviorTreeEditor (188)
[2017.04.25-21.17.24:440][575]LogModuleManager: Shutting down and abandoning module FunctionalTesting (186)
[2017.04.25-21.17.24:440][575]LogModuleManager: Shutting down and abandoning module CollisionAnalyzer (184)
[2017.04.25-21.17.24:443][575]LogModuleManager: Shutting down and abandoning module UMG (182)
[2017.04.25-21.17.24:444][575]LogModuleManager: Shutting down and abandoning module UMGEditor (181)
[2017.04.25-21.17.24:447][575]LogModuleManager: Shutting down and abandoning module Sequencer (180)
[2017.04.25-21.17.24:450][575]LogModuleManager: Shutting down and abandoning module AssetTools (178)
[2017.04.25-21.17.24:457][575]LogModuleManager: Shutting down and abandoning module MessageLog (177)
[2017.04.25-21.17.24:459][575]LogModuleManager: Shutting down and abandoning module WorkspaceMenuStructure (176)
[2017.04.25-21.17.24:461][575]LogModuleManager: Shutting down and abandoning module SlateReflector (170)
[2017.04.25-21.17.24:465][575]LogModuleManager: Shutting down and abandoning module Slate (168)
[2017.04.25-21.17.24:465][575]LogModuleManager: Shutting down and abandoning module EditorStyle (166)
[2017.04.25-21.17.24:483][575]LogModuleManager: Shutting down and abandoning module SourceCodeAccess (164)
[2017.04.25-21.17.24:484][575]LogModuleManager: Shutting down and abandoning module HeadMountedDisplay (162)
[2017.04.25-21.17.24:484][575]LogModuleManager: Shutting down and abandoning module XAudio2 (160)
[2017.04.25-21.17.24:484][575]LogModuleManager: Shutting down and abandoning module Networking (158)
[2017.04.25-21.17.24:484][575]LogModuleManager: Shutting down and abandoning module Core (154)
[2017.04.25-21.17.24:484][575]LogModuleManager: Shutting down and abandoning module AssetRegistry (152)
[2017.04.25-21.17.24:688][575]LogDirectoryWatcher: A directory notification for '../../../Engine/Content/' was aborted.
[2017.04.25-21.17.24:689][575]LogDirectoryWatcher: A directory notification for '../../../../../../Users/wutti/OneDrive/Documents/Unreal Projects/New folder/MyProject/Content/' was aborted.
[2017.04.25-21.17.24:689][575]LogDirectoryWatcher: A directory notification for '../../../Engine/Plugins/2D/Paper2D/Content/' was aborted.
[2017.04.25-21.17.24:691][575]LogModuleManager: Shutting down and abandoning module DirectoryWatcher (151)
[2017.04.25-21.17.24:697][575]LogModuleManager: Shutting down and abandoning module KismetCompiler (148)
[2017.04.25-21.17.24:698][575]LogModuleManager: Shutting down and abandoning module PhysXFormats (146)
[2017.04.25-21.17.24:699][575]LogModuleManager: Shutting down and abandoning module MeshUtilities (144)
[2017.04.25-21.17.24:706][575]LogModuleManager: Shutting down and abandoning module SimplygonSwarm (143)
[2017.04.25-21.17.24:708][575]LogModuleManager: Shutting down and abandoning module SimplygonMeshReduction (141)
[2017.04.25-21.17.24:709][575]LogModuleManager: Shutting down and abandoning module QuadricMeshReduction (139)
[2017.04.25-21.17.24:709][575]LogModuleManager: Shutting down and abandoning module PropertyEditor (137)
[2017.04.25-21.17.24:716][575]LogModuleManager: Shutting down and abandoning module DerivedDataCache (134)
[2017.04.25-21.17.24:778][575]LogDerivedDataCache: Shutdown
[2017.04.25-21.17.24:778][575]LogModuleManager: Shutting down and abandoning module TargetPlatform (132)
[2017.04.25-21.17.24:783][575]LogModuleManager: Shutting down and abandoning module VulkanShaderFormat (131)
[2017.04.25-21.17.24:785][575]LogModuleManager: Shutting down and abandoning module ShaderFormatOpenGL (129)
[2017.04.25-21.17.24:787][575]LogModuleManager: Shutting down and abandoning module ShaderFormatD3D (127)
[2017.04.25-21.17.24:788][575]LogModuleManager: Shutting down and abandoning module MetalShaderFormat (125)
[2017.04.25-21.17.24:790][575]LogModuleManager: Shutting down and abandoning module TextureFormatUncompressed (123)
[2017.04.25-21.17.24:790][575]LogModuleManager: Shutting down and abandoning module TextureFormatPVR (121)
[2017.04.25-21.17.24:790][575]LogModuleManager: Shutting down and abandoning module TextureFormatDXT (119)
[2017.04.25-21.17.24:790][575]LogModuleManager: Shutting down and abandoning module TextureFormatIntelISPCTexComp (117)
[2017.04.25-21.17.24:796][575]LogModuleManager: Shutting down and abandoning module TextureFormatASTC (115)
[2017.04.25-21.17.24:796][575]LogModuleManager: Shutting down and abandoning module ImageWrapper (114)
[2017.04.25-21.17.24:796][575]LogModuleManager: Shutting down and abandoning module TextureFormatAndroid (111)
[2017.04.25-21.17.24:796][575]LogModuleManager: Shutting down and abandoning module AudioFormatOpus (109)
[2017.04.25-21.17.24:796][575]LogModuleManager: Shutting down and abandoning module AudioFormatOgg (107)
[2017.04.25-21.17.24:796][575]LogModuleManager: Shutting down and abandoning module AudioFormatADPCM (105)
[2017.04.25-21.17.24:796][575]LogModuleManager: Shutting down and abandoning module LinuxTargetPlatform (103)
[2017.04.25-21.17.24:798][575]LogModuleManager: Shutting down and abandoning module LinuxServerTargetPlatform (101)
[2017.04.25-21.17.24:800][575]LogModuleManager: Shutting down and abandoning module LinuxNoEditorTargetPlatform (99)
[2017.04.25-21.17.24:800][575]LogModuleManager: Shutting down and abandoning module LinuxClientTargetPlatform (97)
[2017.04.25-21.17.24:800][575]LogModuleManager: Shutting down and abandoning module TVOSTargetPlatform (95)
[2017.04.25-21.17.24:801][575]LogModuleManager: Shutting down and abandoning module Messaging (93)
[2017.04.25-21.17.24:802][575]LogModuleManager: Shutting down and abandoning module IOSTargetPlatform (91)
[2017.04.25-21.17.24:802][575]LogModuleManager: Shutting down and abandoning module HTML5TargetPlatform (89)
[2017.04.25-21.17.24:802][575]LogModuleManager: Shutting down and abandoning module Android_PVRTCTargetPlatform (87)
[2017.04.25-21.17.24:803][575]LogModuleManager: Shutting down and abandoning module Android_MultiTargetPlatform (85)
[2017.04.25-21.17.24:803][575]LogModuleManager: Shutting down and abandoning module Android_ETC2TargetPlatform (83)
[2017.04.25-21.17.24:803][575]LogModuleManager: Shutting down and abandoning module Android_ETC1TargetPlatform (81)
[2017.04.25-21.17.24:803][575]LogModuleManager: Shutting down and abandoning module Android_DXTTargetPlatform (79)
[2017.04.25-21.17.24:803][575]LogModuleManager: Shutting down and abandoning module Android_ATCTargetPlatform (77)
[2017.04.25-21.17.24:803][575]LogModuleManager: Shutting down and abandoning module Android_ASTCTargetPlatform (75)
[2017.04.25-21.17.24:803][575]LogModuleManager: Shutting down and abandoning module AndroidTargetPlatform (73)
[2017.04.25-21.17.24:804][575]LogModuleManager: Shutting down and abandoning module WindowsTargetPlatform (71)
[2017.04.25-21.17.24:807][575]LogModuleManager: Shutting down and abandoning module WindowsServerTargetPlatform (69)
[2017.04.25-21.17.24:808][575]LogModuleManager: Shutting down and abandoning module WindowsNoEditorTargetPlatform (67)
[2017.04.25-21.17.24:809][575]LogModuleManager: Shutting down and abandoning module WindowsClientTargetPlatform (65)
[2017.04.25-21.17.24:810][575]LogModuleManager: Shutting down and abandoning module MacTargetPlatform (63)
[2017.04.25-21.17.24:810][575]LogModuleManager: Shutting down and abandoning module MacServerTargetPlatform (61)
[2017.04.25-21.17.24:810][575]LogModuleManager: Shutting down and abandoning module MacNoEditorTargetPlatform (59)
[2017.04.25-21.17.24:811][575]LogModuleManager: Shutting down and abandoning module MacClientTargetPlatform (57)
[2017.04.25-21.17.24:812][575]LogModuleManager: Shutting down and abandoning module AllDesktopTargetPlatform (55)
[2017.04.25-21.17.24:812][575]LogModuleManager: Shutting down and abandoning module InputCore (52)
[2017.04.25-21.17.24:813][575]LogModuleManager: Shutting down and abandoning module Settings (50)
[2017.04.25-21.17.24:813][575]LogModuleManager: Shutting down and abandoning module OculusRift (48)
[2017.04.25-21.17.24:814][575]LogModuleManager: Shutting down and abandoning module GearVR (46)
[2017.04.25-21.17.24:814][575]LogModuleManager: Shutting down and abandoning module ExampleDeviceProfileSelector (44)
[2017.04.25-21.17.24:814][575]LogModuleManager: Shutting down and abandoning module OnlineBlueprintSupport (42)
[2017.04.25-21.17.24:814][575]LogModuleManager: Shutting down and abandoning module OnlineSubsystem (38)
[2017.04.25-21.17.24:814][575]LogOnline:Display: Unloading online subsystem: NULL
[2017.04.25-21.17.24:817][575]LogModuleManager: Shutting down and abandoning module XMPP (37)
[2017.04.25-21.17.24:822][575]LogModuleManager: Shutting down and abandoning module HTTP (35)
[2017.04.25-21.17.24:823][575]LogHttp:Display: Http module shutting down, but needs to wait on 1 outstanding Http requests:
[2017.04.25-21.17.24:823][575]LogHttp:Display: 	verb=[POST] url=[https://datarouter.ol.epicgames.com/datarouter/api/v1/public/data?SessionID=%7BB27E1CE7-4F55-51AD-0ADB-3AA18E4E53E2%7D&AppID=UEEditor.Rocket.Release&AppVersion=4.15.1-3348071%2B%2B%2BUE4%2BRelease-4.15&UserID=55cf57dc430556876cd1349cc30b65b0%7C5159e6cd15e84380ac12cd86c60ec6fa%7C7791ea5a-577d-4072-9f22-2b94bdbbd208&AppEnvironment=datacollector-binary&UploadType=eteventstream] status=Processing
[2017.04.25-21.17.24:861][575]LogModuleManager: Shutting down and abandoning module SSL (34)
[2017.04.25-21.17.24:881][575]LogModuleManager: Shutting down and abandoning module AudioEditor (30)
[2017.04.25-21.17.24:881][575]LogModuleManager: Shutting down and abandoning module TextureCompressor (28)
[2017.04.25-21.17.24:889][575]LogModuleManager: Shutting down and abandoning module ShaderCore (26)
[2017.04.25-21.17.24:891][575]LogModuleManager: Shutting down and abandoning module Landscape (24)
[2017.04.25-21.17.24:891][575]LogModuleManager: Shutting down and abandoning module SlateRHIRenderer (22)
[2017.04.25-21.17.24:926][575]LogModuleManager: Shutting down and abandoning module OpenGLDrv (20)
[2017.04.25-21.17.24:927][575]LogModuleManager: Shutting down and abandoning module D3D11RHI (18)
[2017.04.25-21.17.24:927][575]LogModuleManager: Shutting down and abandoning module AnimGraphRuntime (16)
[2017.04.25-21.17.24:928][575]LogModuleManager: Shutting down and abandoning module Renderer (14)
[2017.04.25-21.17.24:928][575]LogModuleManager: Shutting down and abandoning module Engine (12)
[2017.04.25-21.17.24:928][575]LogModuleManager: Shutting down and abandoning module CoreUObject (10)
[2017.04.25-21.17.24:928][575]LogModuleManager: Shutting down and abandoning module NetworkFile (8)
[2017.04.25-21.17.24:929][575]LogModuleManager: Shutting down and abandoning module StreamingFile (6)
[2017.04.25-21.17.24:930][575]LogModuleManager: Shutting down and abandoning module SandboxFile (4)
[2017.04.25-21.17.24:931][575]LogModuleManager: Shutting down and abandoning module PakFile (2)
[2017.04.25-21.17.24:940][575]LogExit: Exiting.
[2017.04.25-21.17.24:960][575]Log file closed, 04/25/17 14:17:24
